#-----------------------------------------------------------
# Vivado v2020.2 (64-bit)
# SW Build 3064766 on Wed Nov 18 09:12:45 MST 2020
# IP Build 3064653 on Wed Nov 18 14:17:31 MST 2020
# Start of session at: Wed Mar 15 20:25:48 2023
# Process ID: 11140
# Current directory: E:/Škola/DE1/digitalni-elektronika/05-ffs/flip_flops
# Command line: vivado.exe -gui_launcher_event rodinguilauncherevent13572 E:\Škola\DE1\digitalni-elektronika\05-ffs\flip_flops\flip_flops.xpr
# Log file: E:/Škola/DE1/digitalni-elektronika/05-ffs/flip_flops/vivado.log
# Journal file: E:/Škola/DE1/digitalni-elektronika/05-ffs/flip_flops\vivado.jou
#-----------------------------------------------------------
start_gui
open_project E:/Škola/DE1/digitalni-elektronika/05-ffs/flip_flops/flip_flops.xpr
INFO: [Project 1-313] Project file moved from 'C:/Users/240225/Documents/digital-elect/05-ffs/flip_flops' since last save.
WARNING: [filemgmt 56-2] Default IP Output Path : Could not find the directory 'E:/Škola/DE1/digitalni-elektronika/05-ffs/flip_flops/flip_flops.gen/sources_1', nor could it be found using path 'C:/Users/240225/Documents/digital-elect/05-ffs/flip_flops/flip_flops.gen/sources_1'.
Scanning sources...
Finished scanning sources
CRITICAL WARNING: [Board 49-67] The board_part definition was not found for digilentinc.com:nexys-a7-50t:part0:1.2. This can happen sometimes when you use custom board part. You can resolve this issue by setting 'board.repoPaths' parameter, pointing to the location of custom board files. Valid board_part values can be retrieved with the 'get_board_parts' Tcl command.
INFO: [IP_Flow 19-234] Refreshing IP repositories
INFO: [IP_Flow 19-1704] No user IP repositories specified
INFO: [IP_Flow 19-2313] Loaded Vivado IP repository 'D:/Programy/Xilinx/Vivado/2020.2/data/ip'.
update_compile_order -fileset sources_1
exit
INFO: [Common 17-206] Exiting Vivado at Wed Mar 15 20:34:13 2023...
